Determining if the pthread_create exist failed with the following output:
Change Dir: /home/brian/catkin_ws/build/CMakeFiles/CMakeTmp

Run Build Command:"/usr/bin/make" "cmTC_b321c/fast"
/usr/bin/make -f CMakeFiles/cmTC_b321c.dir/build.make CMakeFiles/cmTC_b321c.dir/build
make[1]: Entering directory '/home/brian/catkin_ws/build/CMakeFiles/CMakeTmp'
Building C object CMakeFiles/cmTC_b321c.dir/CheckSymbolExists.c.o
/usr/bin/cc     -o CMakeFiles/cmTC_b321c.dir/CheckSymbolExists.c.o   -c /home/brian/catkin_ws/build/CMakeFiles/CMakeTmp/CheckSymbolExists.c
Linking C executable cmTC_b321c
/usr/bin/cmake -E cmake_link_script CMakeFiles/cmTC_b321c.dir/link.txt --verbose=1
/usr/bin/cc       CMakeFiles/cmTC_b321c.dir/CheckSymbolExists.c.o  -o cmTC_b321c -rdynamic 
CMakeFiles/cmTC_b321c.dir/CheckSymbolExists.c.o: In function `main':
CheckSymbolExists.c:(.text+0x16): undefined reference to `pthread_create'
collect2: error: ld returned 1 exit status
CMakeFiles/cmTC_b321c.dir/build.make:97: recipe for target 'cmTC_b321c' failed
make[1]: *** [cmTC_b321c] Error 1
make[1]: Leaving directory '/home/brian/catkin_ws/build/CMakeFiles/CMakeTmp'
Makefile:126: recipe for target 'cmTC_b321c/fast' failed
make: *** [cmTC_b321c/fast] Error 2

File /home/brian/catkin_ws/build/CMakeFiles/CMakeTmp/CheckSymbolExists.c:
/* */
#include <pthread.h>

int main(int argc, char** argv)
{
  (void)argv;
#ifndef pthread_create
  return ((int*)(&pthread_create))[argc];
#else
  (void)argc;
  return 0;
#endif
}

Determining if the function pthread_create exists in the pthreads failed with the following output:
Change Dir: /home/brian/catkin_ws/build/CMakeFiles/CMakeTmp

Run Build Command:"/usr/bin/make" "cmTC_ebf02/fast"
/usr/bin/make -f CMakeFiles/cmTC_ebf02.dir/build.make CMakeFiles/cmTC_ebf02.dir/build
make[1]: Entering directory '/home/brian/catkin_ws/build/CMakeFiles/CMakeTmp'
Building C object CMakeFiles/cmTC_ebf02.dir/CheckFunctionExists.c.o
/usr/bin/cc    -DCHECK_FUNCTION_EXISTS=pthread_create   -o CMakeFiles/cmTC_ebf02.dir/CheckFunctionExists.c.o   -c /usr/share/cmake-3.5/Modules/CheckFunctionExists.c
Linking C executable cmTC_ebf02
/usr/bin/cmake -E cmake_link_script CMakeFiles/cmTC_ebf02.dir/link.txt --verbose=1
/usr/bin/cc   -DCHECK_FUNCTION_EXISTS=pthread_create    CMakeFiles/cmTC_ebf02.dir/CheckFunctionExists.c.o  -o cmTC_ebf02 -rdynamic -lpthreads 
/usr/bin/ld: cannot find -lpthreads
collect2: error: ld returned 1 exit status
CMakeFiles/cmTC_ebf02.dir/build.make:97: recipe for target 'cmTC_ebf02' failed
make[1]: *** [cmTC_ebf02] Error 1
make[1]: Leaving directory '/home/brian/catkin_ws/build/CMakeFiles/CMakeTmp'
Makefile:126: recipe for target 'cmTC_ebf02/fast' failed
make: *** [cmTC_ebf02/fast] Error 2


